app/build/outputs/logs/manifest-merger-debug-report.txt
-- Merging decision tree log ---
manifest
ADDED from src/main/AndroidManifest.xml:2:1-38:12
	package
		ADDED from src/main/AndroidManifest.xml:3:5-33
		INJECTED from src/main/AndroidManifest.xml
		INJECTED from src/main/AndroidManifest.xml
	android:versionName
		ADDED from src/main/AndroidManifest.xml:5:5-35
		INJECTED from src/main/AndroidManifest.xml
		INJECTED from src/main/AndroidManifest.xml
	android:versionCode
		ADDED from src/main/AndroidManifest.xml:4:5-28
		INJECTED from src/main/AndroidManifest.xml
		INJECTED from src/main/AndroidManifest.xml
	xmlns:android
		ADDED from src/main/AndroidManifest.xml:2:11-69
uses-sdk
ADDED from src/main/AndroidManifest.xml:7:5-9:41
	android:targetSdkVersion
		ADDED from src/main/AndroidManifest.xml:9:9-38
		INJECTED from src/main/AndroidManifest.xml
		INJECTED from src/main/AndroidManifest.xml
	android:minSdkVersion
		ADDED from src/main/AndroidManifest.xml:8:9-35
		INJECTED from src/main/AndroidManifest.xml
		INJECTED from src/main/AndroidManifest.xml
uses-permission#android.permission.ACCESS_LOCATION
ADDED from src/main/AndroidManifest.xml:11:5-74
	android:name
		ADDED from src/main/AndroidManifest.xml:11:22-71
uses-permission#android.permission.WRITE_EXTERNAL_STORAGE
ADDED from src/main/AndroidManifest.xml:12:5-80
	android:name
		ADDED from src/main/AndroidManifest.xml:12:22-78
uses-permission#android.permission.INTERNET
ADDED from src/main/AndroidManifest.xml:13:5-66
	android:name
		ADDED from src/main/AndroidManifest.xml:13:22-64
application
ADDED from src/main/AndroidManifest.xml:15:5-37:16
	android:label
		ADDED from src/main/AndroidManifest.xml:18:9-41
	android:allowBackup
		ADDED from src/main/AndroidManifest.xml:16:9-35
	android:icon
		ADDED from src/main/AndroidManifest.xml:17:9-44
	android:theme
		ADDED from src/main/AndroidManifest.xml:19:9-40
activity#org.spinsuite.login.Login
ADDED from src/main/AndroidManifest.xml:21:9-29:20
	android:label
		ADDED from src/main/AndroidManifest.xml:23:13-45
	android:name
		ADDED from src/main/AndroidManifest.xml:22:13-53
intent-filter#android.intent.action.MAIN+android.intent.category.LAUNCHER
ADDED from src/main/AndroidManifest.xml:24:13-28:29
action#android.intent.action.MAIN
ADDED from src/main/AndroidManifest.xml:25:17-69
	android:name
		ADDED from src/main/AndroidManifest.xml:25:25-66
category#android.intent.category.LAUNCHER
ADDED from src/main/AndroidManifest.xml:27:17-77
	android:name
		ADDED from src/main/AndroidManifest.xml:27:27-74
activity#org.spinsuite.login.T_Connection
ADDED from src/main/AndroidManifest.xml:31:9-159
	android:label
		ADDED from src/main/AndroidManifest.xml:31:67-99
	android:configChanges
		ADDED from src/main/AndroidManifest.xml:31:100-146
	android:name
		ADDED from src/main/AndroidManifest.xml:31:19-66
activity#org.spinsuite.view.LV_Menu
ADDED from src/main/AndroidManifest.xml:32:9-153
	android:label
		ADDED from src/main/AndroidManifest.xml:32:61-93
	android:configChanges
		ADDED from src/main/AndroidManifest.xml:32:94-140
	android:name
		ADDED from src/main/AndroidManifest.xml:32:19-60
activity#org.spinsuite.view.TV_Base
ADDED from src/main/AndroidManifest.xml:33:9-153
	android:label
		ADDED from src/main/AndroidManifest.xml:33:61-93
	android:configChanges
		ADDED from src/main/AndroidManifest.xml:33:94-140
	android:name
		ADDED from src/main/AndroidManifest.xml:33:19-60
activity#org.spinsuite.view.TV_DynamicActivity
ADDED from src/main/AndroidManifest.xml:34:9-164
	android:label
		ADDED from src/main/AndroidManifest.xml:34:72-104
	android:configChanges
		ADDED from src/main/AndroidManifest.xml:34:105-151
	android:name
		ADDED from src/main/AndroidManifest.xml:34:19-71
activity#org.spinsuite.view.LV_Search
ADDED from src/main/AndroidManifest.xml:35:9-155
	android:label
		ADDED from src/main/AndroidManifest.xml:35:63-95
	android:configChanges
		ADDED from src/main/AndroidManifest.xml:35:96-142
	android:name
		ADDED from src/main/AndroidManifest.xml:35:19-62
activity#org.spinsuite.view.V_Process
ADDED from src/main/AndroidManifest.xml:36:9-155
	android:label
		ADDED from src/main/AndroidManifest.xml:36:63-95
	android:configChanges
		ADDED from src/main/AndroidManifest.xml:36:96-142
	android:name
		ADDED from src/main/AndroidManifest.xml:36:19-62